[ 2025-12-07 15:58:10,159 ] - 1025 httpx - INFO - HTTP Request: GET https://dagshub.com/api/v1/user "HTTP/1.1 200 OK"
[ 2025-12-07 15:58:10,167 ] - 107 dagshub - INFO - Accessing as sheikhayanahmad710
[ 2025-12-07 15:58:11,279 ] - 1025 httpx - INFO - HTTP Request: GET https://dagshub.com/api/v1/repos/sheikhayanahmad710/Network_Security "HTTP/1.1 200 OK"
[ 2025-12-07 15:58:12,202 ] - 1025 httpx - INFO - HTTP Request: GET https://dagshub.com/api/v1/user "HTTP/1.1 200 OK"
[ 2025-12-07 15:58:12,204 ] - 107 dagshub - INFO - Initialized MLflow to track repo "sheikhayanahmad710/Network_Security"
[ 2025-12-07 15:58:12,204 ] - 107 dagshub - INFO - Repository sheikhayanahmad710/Network_Security initialized!
[ 2025-12-07 15:58:12,873 ] - 18 root - INFO - Initiate the Data Ingestion
[ 2025-12-07 15:58:38,042 ] - 60 root - INFO - Performing Train Test Split on dataset
[ 2025-12-07 15:58:38,042 ] - 62 root - INFO - Excited split_data as train test split
[ 2025-12-07 15:58:38,042 ] - 67 root - INFO - Export tain and test file path
[ 2025-12-07 15:58:38,066 ] - 72 root - INFO - Exporting train and test path
[ 2025-12-07 15:58:38,066 ] - 22 root - INFO - Data Ingestion Completed
[ 2025-12-07 15:58:38,082 ] - 26 root - INFO - Data Validation has started
[ 2025-12-07 15:58:38,167 ] - 32 root - INFO - Required number of columns 2
[ 2025-12-07 15:58:38,167 ] - 33 root - INFO - DataFrame has columns 31
[ 2025-12-07 15:58:38,167 ] - 32 root - INFO - Required number of columns 2
[ 2025-12-07 15:58:38,167 ] - 33 root - INFO - DataFrame has columns 31
[ 2025-12-07 15:58:38,278 ] - 28 root - INFO - Data Validation Completed
[ 2025-12-07 15:58:38,278 ] - 30 root - INFO - Data Transformation Started
[ 2025-12-07 15:58:38,278 ] - 61 root - INFO - Inititae data transformation
[ 2025-12-07 15:58:38,278 ] - 63 root - INFO - Starting data transformation
[ 2025-12-07 15:58:38,382 ] - 45 root - INFO - get_data_transformer_object method of transformation class
[ 2025-12-07 15:58:38,382 ] - 50 root - INFO - Initialize KNN iwth these params {'missing_values': nan, 'n_neighbors': 3, 'weights': 'uniform'}
[ 2025-12-07 15:58:38,402 ] - 44 root - INFO - Object is going to be transfered in the folder
[ 2025-12-07 15:58:38,402 ] - 51 root - INFO - Object have been successfully been saved
[ 2025-12-07 15:58:38,402 ] - 35 root - INFO - Data Transformation ended
[ 2025-12-07 15:58:38,402 ] - 39 root - INFO - Data Training Started
[ 2025-12-07 15:59:17,805 ] - 93 root - INFO - Best model name is Random Forest
[ 2025-12-07 16:00:19,493 ] - 44 root - INFO - Object is going to be transfered in the folder
[ 2025-12-07 16:00:19,519 ] - 51 root - INFO - Object have been successfully been saved
[ 2025-12-07 16:00:19,519 ] - 128 root - INFO - Model Trainer Artifact: DataTrainerArtifact(train_model_file_path='Artifacts\\12_07_25_15_58_07\\model_trainer\\trained_model\\model.pkl', train_metric_artifact=ClassificationmeticArtifact(f1_score=0.9914928093984201, precision_score=0.9894885789367294, recall_score=0.993505175563223), test_metric_artifact=ClassificationmeticArtifact(f1_score=0.9755511022044088, precision_score=0.9620553359683794, recall_score=0.989430894308943))
[ 2025-12-07 16:00:19,521 ] - 44 root - INFO - Model Training Completed
