[ 2025-12-07 21:08:41,022 ] - 1025 httpx - INFO - HTTP Request: GET https://dagshub.com/api/v1/user "HTTP/1.1 200 OK"
[ 2025-12-07 21:08:41,026 ] - 107 dagshub - INFO - Accessing as sheikhayanahmad710
[ 2025-12-07 21:08:42,019 ] - 1025 httpx - INFO - HTTP Request: GET https://dagshub.com/api/v1/repos/sheikhayanahmad710/Network_Security "HTTP/1.1 200 OK"
[ 2025-12-07 21:08:43,170 ] - 1025 httpx - INFO - HTTP Request: GET https://dagshub.com/api/v1/user "HTTP/1.1 200 OK"
[ 2025-12-07 21:08:43,173 ] - 107 dagshub - INFO - Initialized MLflow to track repo "sheikhayanahmad710/Network_Security"
[ 2025-12-07 21:08:43,173 ] - 107 dagshub - INFO - Repository sheikhayanahmad710/Network_Security initialized!
[ 2025-12-07 21:09:46,218 ] - 39 root - INFO - Start Data Ingestion
[ 2025-12-07 21:10:00,286 ] - 60 root - INFO - Performing Train Test Split on dataset
[ 2025-12-07 21:10:00,286 ] - 62 root - INFO - Excited split_data as train test split
[ 2025-12-07 21:10:00,324 ] - 67 root - INFO - Export tain and test file path
[ 2025-12-07 21:10:00,475 ] - 72 root - INFO - Exporting train and test path
[ 2025-12-07 21:10:00,476 ] - 42 root - INFO - Data Ingestion Completed and artifactDataIngestionArtifact(trained_file_path='Artifacts\\12_07_25_21_08_38\\data_ingestion\\ingested\\train.csv', test_file_path='Artifacts\\12_07_25_21_08_38\\data_ingestion\\ingested\\test.csv')
[ 2025-12-07 21:10:00,525 ] - 53 root - INFO - Data Validation has started
[ 2025-12-07 21:10:00,697 ] - 32 root - INFO - Required number of columns 2
[ 2025-12-07 21:10:00,697 ] - 33 root - INFO - DataFrame has columns 31
[ 2025-12-07 21:10:00,698 ] - 32 root - INFO - Required number of columns 2
[ 2025-12-07 21:10:00,698 ] - 33 root - INFO - DataFrame has columns 31
[ 2025-12-07 21:10:01,208 ] - 55 root - INFO - Data Validation Completed
[ 2025-12-07 21:10:01,208 ] - 66 root - INFO - Data Transformation Started
[ 2025-12-07 21:10:01,208 ] - 61 root - INFO - Inititae data transformation
[ 2025-12-07 21:10:01,208 ] - 63 root - INFO - Starting data transformation
[ 2025-12-07 21:10:01,376 ] - 45 root - INFO - get_data_transformer_object method of transformation class
[ 2025-12-07 21:10:01,377 ] - 50 root - INFO - Initialize KNN iwth these params {'missing_values': nan, 'n_neighbors': 3, 'weights': 'uniform'}
[ 2025-12-07 21:10:01,442 ] - 44 root - INFO - Object is going to be transfered in the folder
[ 2025-12-07 21:10:01,449 ] - 51 root - INFO - Object have been successfully been saved
[ 2025-12-07 21:10:01,450 ] - 44 root - INFO - Object is going to be transfered in the folder
[ 2025-12-07 21:10:01,456 ] - 51 root - INFO - Object have been successfully been saved
[ 2025-12-07 21:10:01,458 ] - 70 root - INFO - Data Transformation ended
[ 2025-12-07 21:10:01,459 ] - 81 root - INFO - Data Training Started
[ 2025-12-07 21:12:07,148 ] - 93 root - INFO - Best model name is Random Forest
[ 2025-12-07 21:13:09,023 ] - 44 root - INFO - Object is going to be transfered in the folder
[ 2025-12-07 21:13:09,036 ] - 51 root - INFO - Object have been successfully been saved
[ 2025-12-07 21:13:09,036 ] - 44 root - INFO - Object is going to be transfered in the folder
[ 2025-12-07 21:13:09,049 ] - 51 root - INFO - Object have been successfully been saved
[ 2025-12-07 21:13:09,049 ] - 130 root - INFO - Model Trainer Artifact: DataTrainerArtifact(train_model_file_path='Artifacts\\12_07_25_21_08_38\\model_trainer\\trained_model\\model.pkl', train_metric_artifact=ClassificationmeticArtifact(f1_score=0.9911021233569262, precision_score=0.9897011308562197, recall_score=0.992507087889834), test_metric_artifact=ClassificationmeticArtifact(f1_score=0.9795249795249795, precision_score=0.9779231398201145, recall_score=0.9811320754716981))
[ 2025-12-07 21:13:09,051 ] - 85 root - INFO - Model Training Completed
[ 2025-12-07 21:14:37,515 ] - 39 root - INFO - Start Data Ingestion
[ 2025-12-07 21:15:10,686 ] - 60 root - INFO - Performing Train Test Split on dataset
[ 2025-12-07 21:15:10,686 ] - 62 root - INFO - Excited split_data as train test split
[ 2025-12-07 21:15:10,686 ] - 67 root - INFO - Export tain and test file path
[ 2025-12-07 21:15:10,750 ] - 72 root - INFO - Exporting train and test path
[ 2025-12-07 21:15:10,750 ] - 42 root - INFO - Data Ingestion Completed and artifactDataIngestionArtifact(trained_file_path='Artifacts\\12_07_25_21_08_38\\data_ingestion\\ingested\\train.csv', test_file_path='Artifacts\\12_07_25_21_08_38\\data_ingestion\\ingested\\test.csv')
[ 2025-12-07 21:15:10,750 ] - 53 root - INFO - Data Validation has started
[ 2025-12-07 21:15:10,876 ] - 32 root - INFO - Required number of columns 2
[ 2025-12-07 21:15:10,876 ] - 33 root - INFO - DataFrame has columns 31
[ 2025-12-07 21:15:10,876 ] - 32 root - INFO - Required number of columns 2
[ 2025-12-07 21:15:10,876 ] - 33 root - INFO - DataFrame has columns 31
[ 2025-12-07 21:15:11,054 ] - 55 root - INFO - Data Validation Completed
[ 2025-12-07 21:15:11,054 ] - 66 root - INFO - Data Transformation Started
[ 2025-12-07 21:15:11,054 ] - 61 root - INFO - Inititae data transformation
[ 2025-12-07 21:15:11,054 ] - 63 root - INFO - Starting data transformation
[ 2025-12-07 21:15:11,153 ] - 45 root - INFO - get_data_transformer_object method of transformation class
[ 2025-12-07 21:15:11,153 ] - 50 root - INFO - Initialize KNN iwth these params {'missing_values': nan, 'n_neighbors': 3, 'weights': 'uniform'}
[ 2025-12-07 21:15:11,153 ] - 44 root - INFO - Object is going to be transfered in the folder
[ 2025-12-07 21:15:11,169 ] - 51 root - INFO - Object have been successfully been saved
[ 2025-12-07 21:15:11,169 ] - 44 root - INFO - Object is going to be transfered in the folder
[ 2025-12-07 21:15:11,169 ] - 51 root - INFO - Object have been successfully been saved
[ 2025-12-07 21:15:11,169 ] - 70 root - INFO - Data Transformation ended
[ 2025-12-07 21:15:11,169 ] - 81 root - INFO - Data Training Started
[ 2025-12-07 21:16:15,174 ] - 93 root - INFO - Best model name is Random Forest
[ 2025-12-07 21:18:38,881 ] - 868 urllib3.connectionpool - WARNING - Retrying (Retry(total=4, connect=5, read=4, redirect=5, status=5)) after connection broken by 'ReadTimeoutError("HTTPSConnectionPool(host='dagshub.com', port=443): Read timed out. (read timeout=120)")': /sheikhayanahmad710/Network_Security.mlflow/api/2.0/mlflow-artifacts/artifacts/669dce8c0bb54f4ea25eb56f48fdd7a4/265ef420c9234179934a24b6b44b405f/artifacts/model/metadata/conda.yaml
[ 2025-12-07 21:19:04,848 ] - 44 root - INFO - Object is going to be transfered in the folder
[ 2025-12-07 21:19:04,864 ] - 51 root - INFO - Object have been successfully been saved
[ 2025-12-07 21:19:04,864 ] - 44 root - INFO - Object is going to be transfered in the folder
[ 2025-12-07 21:19:04,887 ] - 51 root - INFO - Object have been successfully been saved
[ 2025-12-07 21:19:04,888 ] - 130 root - INFO - Model Trainer Artifact: DataTrainerArtifact(train_model_file_path='Artifacts\\12_07_25_21_08_38\\model_trainer\\trained_model\\model.pkl', train_metric_artifact=ClassificationmeticArtifact(f1_score=0.9913889170296829, precision_score=0.9914893617021276, recall_score=0.9912884927066451), test_metric_artifact=ClassificationmeticArtifact(f1_score=0.9706601466992665, precision_score=0.9659367396593674, recall_score=0.9754299754299754))
[ 2025-12-07 21:19:04,889 ] - 85 root - INFO - Model Training Completed
