[ 2025-12-07 17:55:10,195 ] - 1025 httpx - INFO - HTTP Request: GET https://dagshub.com/api/v1/user "HTTP/1.1 200 OK"
[ 2025-12-07 17:55:10,199 ] - 107 dagshub - INFO - Accessing as sheikhayanahmad710
[ 2025-12-07 17:55:11,421 ] - 1025 httpx - INFO - HTTP Request: GET https://dagshub.com/api/v1/repos/sheikhayanahmad710/Network_Security "HTTP/1.1 200 OK"
[ 2025-12-07 17:55:13,487 ] - 1025 httpx - INFO - HTTP Request: GET https://dagshub.com/api/v1/user "HTTP/1.1 200 OK"
[ 2025-12-07 17:55:13,493 ] - 107 dagshub - INFO - Initialized MLflow to track repo "sheikhayanahmad710/Network_Security"
[ 2025-12-07 17:55:13,494 ] - 107 dagshub - INFO - Repository sheikhayanahmad710/Network_Security initialized!
[ 2025-12-07 17:57:12,320 ] - 34 root - INFO - Start Data Ingestion
[ 2025-12-07 17:57:30,699 ] - 60 root - INFO - Performing Train Test Split on dataset
[ 2025-12-07 17:57:30,699 ] - 62 root - INFO - Excited split_data as train test split
[ 2025-12-07 17:57:30,700 ] - 67 root - INFO - Export tain and test file path
[ 2025-12-07 17:57:30,807 ] - 72 root - INFO - Exporting train and test path
[ 2025-12-07 17:57:30,807 ] - 37 root - INFO - Data Ingestion Completed and artifactDataIngestionArtifact(trained_file_path='Artifacts\\12_07_25_17_55_07\\data_ingestion\\ingested\\train.csv', test_file_path='Artifacts\\12_07_25_17_55_07\\data_ingestion\\ingested\\test.csv')
[ 2025-12-07 17:57:30,816 ] - 48 root - INFO - Data Validation has started
[ 2025-12-07 17:57:30,925 ] - 32 root - INFO - Required number of columns 2
[ 2025-12-07 17:57:30,925 ] - 33 root - INFO - DataFrame has columns 31
[ 2025-12-07 17:57:30,925 ] - 32 root - INFO - Required number of columns 2
[ 2025-12-07 17:57:30,925 ] - 33 root - INFO - DataFrame has columns 31
[ 2025-12-07 17:57:31,258 ] - 50 root - INFO - Data Validation Completed
[ 2025-12-07 17:57:31,258 ] - 61 root - INFO - Data Transformation Started
[ 2025-12-07 17:57:31,258 ] - 61 root - INFO - Inititae data transformation
[ 2025-12-07 17:57:31,258 ] - 63 root - INFO - Starting data transformation
[ 2025-12-07 17:57:31,367 ] - 45 root - INFO - get_data_transformer_object method of transformation class
[ 2025-12-07 17:57:31,368 ] - 50 root - INFO - Initialize KNN iwth these params {'missing_values': nan, 'n_neighbors': 3, 'weights': 'uniform'}
[ 2025-12-07 17:57:31,389 ] - 44 root - INFO - Object is going to be transfered in the folder
[ 2025-12-07 17:57:31,394 ] - 51 root - INFO - Object have been successfully been saved
[ 2025-12-07 17:57:31,394 ] - 44 root - INFO - Object is going to be transfered in the folder
[ 2025-12-07 17:57:31,398 ] - 51 root - INFO - Object have been successfully been saved
[ 2025-12-07 17:57:31,400 ] - 65 root - INFO - Data Transformation ended
[ 2025-12-07 17:57:31,400 ] - 76 root - INFO - Data Training Started
[ 2025-12-07 17:59:55,095 ] - 93 root - INFO - Best model name is Gradient Boosting
[ 2025-12-07 18:00:31,651 ] - 44 root - INFO - Object is going to be transfered in the folder
[ 2025-12-07 18:00:31,668 ] - 51 root - INFO - Object have been successfully been saved
[ 2025-12-07 18:00:31,668 ] - 44 root - INFO - Object is going to be transfered in the folder
[ 2025-12-07 18:00:31,684 ] - 51 root - INFO - Object have been successfully been saved
[ 2025-12-07 18:00:31,684 ] - 130 root - INFO - Model Trainer Artifact: DataTrainerArtifact(train_model_file_path='Artifacts\\12_07_25_17_55_07\\model_trainer\\trained_model\\model.pkl', train_metric_artifact=ClassificationmeticArtifact(f1_score=0.9820335240389441, precision_score=0.9785957191438288, recall_score=0.9854955680902499), test_metric_artifact=ClassificationmeticArtifact(f1_score=0.9731993299832495, precision_score=0.9723849372384937, recall_score=0.9740150880134115))
[ 2025-12-07 18:00:31,690 ] - 80 root - INFO - Model Training Completed
