[ 2025-12-07 21:27:38,194 ] - 1025 httpx - INFO - HTTP Request: GET https://dagshub.com/api/v1/user "HTTP/1.1 200 OK"
[ 2025-12-07 21:27:38,198 ] - 107 dagshub - INFO - Accessing as sheikhayanahmad710
[ 2025-12-07 21:27:39,108 ] - 1025 httpx - INFO - HTTP Request: GET https://dagshub.com/api/v1/user "HTTP/1.1 200 OK"
[ 2025-12-07 21:27:39,124 ] - 107 dagshub - INFO - Accessing as sheikhayanahmad710
[ 2025-12-07 21:27:39,366 ] - 1025 httpx - INFO - HTTP Request: GET https://dagshub.com/api/v1/repos/sheikhayanahmad710/Network_Security "HTTP/1.1 200 OK"
[ 2025-12-07 21:27:39,981 ] - 1025 httpx - INFO - HTTP Request: GET https://dagshub.com/api/v1/repos/sheikhayanahmad710/Network_Security "HTTP/1.1 200 OK"
[ 2025-12-07 21:27:40,162 ] - 1025 httpx - INFO - HTTP Request: GET https://dagshub.com/api/v1/user "HTTP/1.1 200 OK"
[ 2025-12-07 21:27:40,166 ] - 107 dagshub - INFO - Initialized MLflow to track repo "sheikhayanahmad710/Network_Security"
[ 2025-12-07 21:27:40,167 ] - 107 dagshub - INFO - Repository sheikhayanahmad710/Network_Security initialized!
[ 2025-12-07 21:27:40,791 ] - 1025 httpx - INFO - HTTP Request: GET https://dagshub.com/api/v1/user "HTTP/1.1 200 OK"
[ 2025-12-07 21:27:40,794 ] - 107 dagshub - INFO - Initialized MLflow to track repo "sheikhayanahmad710/Network_Security"
[ 2025-12-07 21:27:40,795 ] - 107 dagshub - INFO - Repository sheikhayanahmad710/Network_Security initialized!
[ 2025-12-07 21:28:50,611 ] - 39 root - INFO - Start Data Ingestion
[ 2025-12-07 21:29:26,916 ] - 60 root - INFO - Performing Train Test Split on dataset
[ 2025-12-07 21:29:26,916 ] - 62 root - INFO - Excited split_data as train test split
[ 2025-12-07 21:29:26,917 ] - 67 root - INFO - Export tain and test file path
[ 2025-12-07 21:29:27,025 ] - 72 root - INFO - Exporting train and test path
[ 2025-12-07 21:29:27,026 ] - 42 root - INFO - Data Ingestion Completed and artifactDataIngestionArtifact(trained_file_path='Artifacts\\12_07_25_21_27_34\\data_ingestion\\ingested\\train.csv', test_file_path='Artifacts\\12_07_25_21_27_34\\data_ingestion\\ingested\\test.csv')
[ 2025-12-07 21:29:27,038 ] - 53 root - INFO - Data Validation has started
[ 2025-12-07 21:29:27,161 ] - 32 root - INFO - Required number of columns 2
[ 2025-12-07 21:29:27,162 ] - 33 root - INFO - DataFrame has columns 31
[ 2025-12-07 21:29:27,162 ] - 32 root - INFO - Required number of columns 2
[ 2025-12-07 21:29:27,162 ] - 33 root - INFO - DataFrame has columns 31
[ 2025-12-07 21:29:27,484 ] - 55 root - INFO - Data Validation Completed
[ 2025-12-07 21:29:27,486 ] - 66 root - INFO - Data Transformation Started
[ 2025-12-07 21:29:27,486 ] - 61 root - INFO - Inititae data transformation
[ 2025-12-07 21:29:27,486 ] - 63 root - INFO - Starting data transformation
[ 2025-12-07 21:29:27,606 ] - 45 root - INFO - get_data_transformer_object method of transformation class
[ 2025-12-07 21:29:27,606 ] - 50 root - INFO - Initialize KNN iwth these params {'missing_values': nan, 'n_neighbors': 3, 'weights': 'uniform'}
[ 2025-12-07 21:29:27,634 ] - 44 root - INFO - Object is going to be transfered in the folder
[ 2025-12-07 21:29:27,639 ] - 51 root - INFO - Object have been successfully been saved
[ 2025-12-07 21:29:27,639 ] - 44 root - INFO - Object is going to be transfered in the folder
[ 2025-12-07 21:29:27,644 ] - 51 root - INFO - Object have been successfully been saved
[ 2025-12-07 21:29:27,646 ] - 70 root - INFO - Data Transformation ended
[ 2025-12-07 21:29:27,647 ] - 81 root - INFO - Data Training Started
