[ 2025-12-07 20:58:57,785 ] - 1025 httpx - INFO - HTTP Request: GET https://dagshub.com/api/v1/user "HTTP/1.1 200 OK"
[ 2025-12-07 20:58:57,810 ] - 107 dagshub - INFO - Accessing as sheikhayanahmad710
[ 2025-12-07 20:58:59,224 ] - 1025 httpx - INFO - HTTP Request: GET https://dagshub.com/api/v1/repos/sheikhayanahmad710/Network_Security "HTTP/1.1 200 OK"
[ 2025-12-07 20:59:00,252 ] - 1025 httpx - INFO - HTTP Request: GET https://dagshub.com/api/v1/user "HTTP/1.1 200 OK"
[ 2025-12-07 20:59:00,256 ] - 107 dagshub - INFO - Initialized MLflow to track repo "sheikhayanahmad710/Network_Security"
[ 2025-12-07 20:59:00,258 ] - 107 dagshub - INFO - Repository sheikhayanahmad710/Network_Security initialized!
[ 2025-12-07 20:59:20,369 ] - 39 root - INFO - Start Data Ingestion
[ 2025-12-07 20:59:35,732 ] - 60 root - INFO - Performing Train Test Split on dataset
[ 2025-12-07 20:59:35,732 ] - 62 root - INFO - Excited split_data as train test split
[ 2025-12-07 20:59:35,732 ] - 67 root - INFO - Export tain and test file path
[ 2025-12-07 20:59:35,778 ] - 72 root - INFO - Exporting train and test path
[ 2025-12-07 20:59:35,780 ] - 42 root - INFO - Data Ingestion Completed and artifactDataIngestionArtifact(trained_file_path='Artifacts\\12_07_25_20_58_51\\data_ingestion\\ingested\\train.csv', test_file_path='Artifacts\\12_07_25_20_58_51\\data_ingestion\\ingested\\test.csv')
[ 2025-12-07 20:59:35,788 ] - 53 root - INFO - Data Validation has started
[ 2025-12-07 20:59:35,845 ] - 32 root - INFO - Required number of columns 2
[ 2025-12-07 20:59:35,845 ] - 33 root - INFO - DataFrame has columns 31
[ 2025-12-07 20:59:35,845 ] - 32 root - INFO - Required number of columns 2
[ 2025-12-07 20:59:35,845 ] - 33 root - INFO - DataFrame has columns 31
[ 2025-12-07 20:59:35,971 ] - 55 root - INFO - Data Validation Completed
[ 2025-12-07 20:59:35,971 ] - 66 root - INFO - Data Transformation Started
[ 2025-12-07 20:59:35,971 ] - 61 root - INFO - Inititae data transformation
[ 2025-12-07 20:59:35,971 ] - 63 root - INFO - Starting data transformation
[ 2025-12-07 20:59:36,043 ] - 45 root - INFO - get_data_transformer_object method of transformation class
[ 2025-12-07 20:59:36,043 ] - 50 root - INFO - Initialize KNN iwth these params {'missing_values': nan, 'n_neighbors': 3, 'weights': 'uniform'}
[ 2025-12-07 20:59:36,056 ] - 44 root - INFO - Object is going to be transfered in the folder
[ 2025-12-07 20:59:36,058 ] - 51 root - INFO - Object have been successfully been saved
[ 2025-12-07 20:59:36,058 ] - 44 root - INFO - Object is going to be transfered in the folder
[ 2025-12-07 20:59:36,058 ] - 51 root - INFO - Object have been successfully been saved
[ 2025-12-07 20:59:36,058 ] - 70 root - INFO - Data Transformation ended
[ 2025-12-07 20:59:36,058 ] - 81 root - INFO - Data Training Started
[ 2025-12-07 21:00:42,666 ] - 93 root - INFO - Best model name is Random Forest
[ 2025-12-07 21:02:05,912 ] - 44 root - INFO - Object is going to be transfered in the folder
[ 2025-12-07 21:02:05,938 ] - 51 root - INFO - Object have been successfully been saved
[ 2025-12-07 21:02:05,938 ] - 44 root - INFO - Object is going to be transfered in the folder
[ 2025-12-07 21:02:05,958 ] - 51 root - INFO - Object have been successfully been saved
[ 2025-12-07 21:02:05,958 ] - 130 root - INFO - Model Trainer Artifact: DataTrainerArtifact(train_model_file_path='Artifacts\\12_07_25_20_58_51\\model_trainer\\trained_model\\model.pkl', train_metric_artifact=ClassificationmeticArtifact(f1_score=0.991414554374489, precision_score=0.9906045751633987, recall_score=0.9922258592471358), test_metric_artifact=ClassificationmeticArtifact(f1_score=0.9763779527559056, precision_score=0.975609756097561, recall_score=0.9771473601260835))
[ 2025-12-07 21:02:05,963 ] - 85 root - INFO - Model Training Completed
